<?xml version="1.0" encoding="UTF-8"?>
<!-- Generated by org.testng.reporters.JUnitReportReporter -->
<testsuite skipped="0" hostname="rahul-SVF14212SNW" name="org.virtual.selenium.newdemo.AppTest" tests="1" failures="0" timestamp="2020-03-19T21:41:58 IST" time="0.008" errors="0">
  <testcase name="testApp" time="0.008" classname="org.virtual.selenium.newdemo.AppTest"/>
  <system-out/>
</testsuite> <!-- org.virtual.selenium.newdemo.AppTest -->
