<?xml version="1.0" encoding="UTF-8"?>
<!-- Generated by org.testng.reporters.JUnitReportReporter -->
<testsuite skipped="0" hostname="rahul-SVF14212SNW" name="org.virtual.selenium.newdemo.NewTest" tests="1" failures="0" timestamp="2020-03-19T23:00:44 IST" time="9.452" errors="0">
  <testcase name="f" time="9.452" classname="org.virtual.selenium.newdemo.NewTest"/>
  <system-out/>
</testsuite> <!-- org.virtual.selenium.newdemo.NewTest -->
